
-----
Test: tests/clearbuy_tests.py::test_products_section (call)
Start time: 2025-05-09 13:38:23.874779
Start name method: authorization

End time: 2025-05-09 13:38:30.657645
End name method: authorization
URL: https://dev.clearbuy.com/admin/products

-----

-----
Test: tests/clearbuy_tests.py::test_products_section (call)
Start time: 2025-05-09 13:38:30.657645
Start name method: attribute_groups_test

End time: 2025-05-09 13:38:33.540441
End name method: attribute_groups_test
URL: https://dev.clearbuy.com/admin/attribute_groups

-----

-----
Test: tests/clearbuy_tests.py::test_products_section (call)
Start time: 2025-05-09 13:38:33.540441
Start name method: attributes_tab_test

End time: 2025-05-09 13:38:37.989026
End name method: attributes_tab_test
URL: https://dev.clearbuy.com/admin/attributes

-----

-----
Test: tests/clearbuy_tests.py::test_products_section (call)
Start time: 2025-05-09 13:38:37.989026
Start name method: ratings_tab_test

End time: 2025-05-09 13:38:41.514697
End name method: attribute_groups_test
URL: https://dev.clearbuy.com/admin/ratings

-----

-----
Test: tests/clearbuy_tests.py::test_products_section (call)
Start time: 2025-05-09 13:38:41.514697
Start name method: categories_tab_test

End time: 2025-05-09 13:38:45.714770
End name method: attribute_groups_test
URL: https://dev.clearbuy.com/admin/category?id=172&backUrl=https%3A%2F%2Fdev.clearbuy.com%2Fadmin%2Fcategories

-----

-----
Test: tests/clearbuy_tests.py::test_products_section (call)
Start time: 2025-05-09 13:38:46.715786
Start name method: products_tab_test

End time: 2025-05-09 13:39:21.723974
End name method: products_tab_test
URL: https://dev.clearbuy.com/admin/products

-----

-----
Test: tests/clearbuy_tests.py::test_products_section (call)
Start time: 2025-05-09 13:39:21.723974
Start name method: deals_tab_test

End time: 2025-05-09 13:39:30.660373
End name method: deals_tab_test
URL: https://dev.clearbuy.com/admin/deals

-----

-----
Test: tests/clearbuy_tests.py::test_products_section (call)
Start time: 2025-05-09 13:39:30.661664
Start name method: faq_tab_test

End time: 2025-05-09 13:39:37.753222
End name method: attribute_groups_test
URL: https://dev.clearbuy.com/admin/faq?id=382&backUrl=https%3A%2F%2Fdev.clearbuy.com%2Fadmin%2Ffaqs

-----

-----
Test: tests/clearbuy_tests.py::test_products_section (call)
Start time: 2025-05-09 13:39:37.753222
Start name method: faq_group_tab_test

End time: 2025-05-09 13:39:42.639375
End name method: attribute_groups_test
URL: https://dev.clearbuy.com/admin/faq_group?id=29&backUrl=https%3A%2F%2Fdev.clearbuy.com%2Fadmin%2Ffaq_groups

-----

-----
Test: tests/clearbuy_tests.py::test_products_section (call)
Start time: 2025-05-09 13:39:42.639375
Start name method: model_tab_test

End time: 2025-05-09 13:39:45.856523
End name method: model_tab_test
URL: https://dev.clearbuy.com/admin/model_family?id=166&backUrl=https%3A%2F%2Fdev.clearbuy.com%2Fadmin%2Fmodel_families

-----

-----
Test: tests/clearbuy_tests.py::test_films_section (call)
Start time: 2025-05-09 13:39:53.994299
Start name method: authorization

End time: 2025-05-09 13:40:00.622308
End name method: authorization
URL: https://dev.clearbuy.com/admin/products

-----

-----
Test: tests/clearbuy_tests.py::test_films_section (call)
Start time: 2025-05-09 13:40:00.622308
Start name method: genres_tab_test

End time: 2025-05-09 13:40:02.506188
End name method: genres_tab_test
URL: https://dev.clearbuy.com/admin/film_genre?id=65&backUrl=https%3A%2F%2Fdev.clearbuy.com%2Fadmin%2Ffilm_genres

-----

-----
Test: tests/clearbuy_tests.py::test_films_section (call)
Start time: 2025-05-09 13:40:03.209527
Start name method: age_tab_test

End time: 2025-05-09 13:40:05.211615
End name method: age_tab_test
URL: https://dev.clearbuy.com/admin/age_rating?id=47&backUrl=https%3A%2F%2Fdev.clearbuy.com%2Fadmin%2Fage_ratings

-----

-----
Test: tests/clearbuy_tests.py::test_films_section (call)
Start time: 2025-05-09 13:40:05.915799
Start name method: films_tab_test

End time: 2025-05-09 13:40:10.080528
End name method: films_tab_test
URL: https://dev.clearbuy.com/admin/film?id=46&backUrl=https%3A%2F%2Fdev.clearbuy.com%2Fadmin%2Ffilms

-----

-----
Test: tests/clearbuy_tests.py::test_films_section (call)
Start time: 2025-05-09 13:40:10.781775
Start name method: reviews_tab_test

End time: 2025-05-09 13:40:14.022665
End name method: reviews_tab_test
URL: https://dev.clearbuy.com/admin/film_review?id=24&backUrl=https%3A%2F%2Fdev.clearbuy.com%2Fadmin%2Ffilm_reviews

-----

-----
Test: tests/clearbuy_tests.py::test_films_section (call)
Start time: 2025-05-09 13:40:14.725410
Start name method: people_tab_test

End time: 2025-05-09 13:40:16.795159
End name method: people_tab_test
URL: https://dev.clearbuy.com/admin/man?id=19&backUrl=https%3A%2F%2Fdev.clearbuy.com%2Fadmin%2Fpeople

-----

-----
Test: tests/clearbuy_tests.py::test_os_section (call)
Start time: 2025-05-09 13:40:24.861524
Start name method: authorization

End time: 2025-05-09 13:40:31.668787
End name method: authorization
URL: https://dev.clearbuy.com/admin/products

-----

-----
Test: tests/clearbuy_tests.py::test_os_section (call)
Start time: 2025-05-09 13:40:31.668787
Start name method: licenses_tab_test

End time: 2025-05-09 13:40:34.323705
End name method: licenses_tab_test
URL: https://dev.clearbuy.com/admin/license?id=46&backUrl=https%3A%2F%2Fdev.clearbuy.com%2Fadmin%2Flicenses

-----

-----
Test: tests/clearbuy_tests.py::test_os_section (call)
Start time: 2025-05-09 13:40:35.025299
Start name method: os_tab_test

End time: 2025-05-09 13:40:40.264529
End name method: os_tab_test
URL: https://dev.clearbuy.com/admin/os?id=45&backUrl=https%3A%2F%2Fdev.clearbuy.com%2Fadmin%2Foss

-----

-----
Test: tests/clearbuy_tests.py::test_users_section (call)
Start time: 2025-05-09 13:40:48.421379
Start name method: authorization

End time: 2025-05-09 13:40:54.953578
End name method: authorization
URL: https://dev.clearbuy.com/admin/products

-----

-----
Test: tests/clearbuy_tests.py::test_users_section (call)
Start time: 2025-05-09 13:40:54.953913
Start name method: roles_tab_test

End time: 2025-05-09 13:40:57.109959
End name method: roles_tab_test
URL: https://dev.clearbuy.com/admin/role?id=55&backUrl=https%3A%2F%2Fdev.clearbuy.com%2Fadmin%2Froles

-----

-----
Test: tests/clearbuy_tests.py::test_users_section (call)
Start time: 2025-05-09 13:40:57.813766
Start name method: users_tab_test

End time: 2025-05-09 13:41:00.971091
End name method: users_tab_test
URL: https://dev.clearbuy.com/admin/user?id=218&backUrl=https%3A%2F%2Fdev.clearbuy.com%2Fadmin%2Fusers

-----

-----
Test: tests/clearbuy_tests.py::test_users_section (call)
Start time: 2025-05-09 13:41:01.671805
Start name method: domain_tab_test

End time: 2025-05-09 13:41:06.356002
End name method: domain_tab_test
URL: https://dev.clearbuy.com/admin/auth_domains

-----

-----
Test: tests/clearbuy_tests.py::test_other_section (call)
Start time: 2025-05-09 13:41:14.514800
Start name method: authorization

End time: 2025-05-09 13:41:21.188878
End name method: authorization
URL: https://dev.clearbuy.com/admin/products

-----

-----
Test: tests/clearbuy_tests.py::test_other_section (call)
Start time: 2025-05-09 13:41:21.188878
Start name method: other_tab_test

End time: 2025-05-09 13:41:25.939725
End name method: other_tab_test
URL: https://dev.clearbuy.com/admin/agent?id=377&backUrl=https%3A%2F%2Fdev.clearbuy.com%2Fadmin%2Fagents

-----

-----
Test: tests/clearbuy_tests.py::test_other_section (call)
Start time: 2025-05-09 13:41:26.641237
Start name method: app_stores_tab_test

End time: 2025-05-09 13:41:30.139959
End name method: app_stores_tab_test
URL: https://dev.clearbuy.com/admin/app_store?id=79&backUrl=https%3A%2F%2Fdev.clearbuy.com%2Fadmin%2Fapp_stores

-----

-----
Test: tests/clearbuy_tests.py::test_other_section (call)
Start time: 2025-05-09 13:41:30.843734
Start name method: brands_tab_test

End time: 2025-05-09 13:41:35.106463
End name method: brands_tab_test
URL: https://dev.clearbuy.com/admin/brand?id=1146&backUrl=https%3A%2F%2Fdev.clearbuy.com%2Fadmin%2Fbrands

-----

-----
Test: tests/clearbuy_tests.py::test_other_section (call)
Start time: 2025-05-09 13:41:35.812247
Start name method: countries_tab_test

End time: 2025-05-09 13:41:39.874100
End name method: countries_tab_test
URL: https://dev.clearbuy.com/admin/country?id=113&backUrl=https%3A%2F%2Fdev.clearbuy.com%2Fadmin%2Fcountries

-----

-----
Test: tests/clearbuy_tests.py::test_other_section (call)
Start time: 2025-05-09 13:41:40.578245
Start name method: currencies_tab_test

End time: 2025-05-09 13:41:42.821542
End name method: currencies_tab_test
URL: https://dev.clearbuy.com/admin/currency?id=68&backUrl=https%3A%2F%2Fdev.clearbuy.com%2Fadmin%2Fcurrencies

-----

-----
Test: tests/clearbuy_tests.py::test_other_section (call)
Start time: 2025-05-09 13:41:43.525107
Start name method: measure_tab_test

End time: 2025-05-09 13:41:45.715529
End name method: measure_tab_test
URL: https://dev.clearbuy.com/admin/measure?id=85&backUrl=https%3A%2F%2Fdev.clearbuy.com%2Fadmin%2Fmeasures

-----

-----
Test: tests/clearbuy_tests.py::test_other_section (call)
Start time: 2025-05-09 13:41:46.419030
Start name method: websites_tab_test

End time: 2025-05-09 13:41:49.493246
End name method: websites_tab_test
URL: https://dev.clearbuy.com/admin/website?id=52&backUrl=https%3A%2F%2Fdev.clearbuy.com%2Fadmin%2Fwebsites

-----

-----
Test: tests/clearbuy_tests.py::test_other_section (call)
Start time: 2025-05-09 13:41:50.196899
Start name method: domains_tab_test

End time: 2025-05-09 13:41:52.796379
End name method: domains_tab_test
URL: https://dev.clearbuy.com/admin/domain?id=42&backUrl=https%3A%2F%2Fdev.clearbuy.com%2Fadmin%2Fdomains

-----

-----
Test: tests/clearbuy_tests.py::test_other_section (call)
Start time: 2025-05-09 13:41:53.501145
Start name method: badges_tab_test

End time: 2025-05-09 13:41:56.872443
End name method: badges_tab_test
URL: https://dev.clearbuy.com/admin/badge?id=45&backUrl=https%3A%2F%2Fdev.clearbuy.com%2Fadmin%2Fbadges

-----

-----
Test: tests/clearbuy_tests.py::test_other_section (call)
Start time: 2025-05-09 13:41:57.577869
Start name method: tags_tab_test

End time: 2025-05-09 13:42:00.316305
End name method: tags_tab_test
URL: https://dev.clearbuy.com/admin/tag?id=1908&backUrl=https%3A%2F%2Fdev.clearbuy.com%2Fadmin%2Ftags

-----

-----
Test: tests/clearbuy_tests.py::test_other_section (call)
Start time: 2025-05-09 13:42:01.016931
Start name method: deal_tags_test

End time: 2025-05-09 13:42:03.401341
End name method: deal_tags_test
URL: https://dev.clearbuy.com/admin/deal_tag?id=21&backUrl=https%3A%2F%2Fdev.clearbuy.com%2Fadmin%2Fdeal_tags

-----

-----
Test: tests/clearbuy_tests.py::test_apps_section (call)
Start time: 2025-05-09 13:42:11.569583
Start name method: authorization

End time: 2025-05-09 13:42:18.363544
End name method: authorization
URL: https://dev.clearbuy.com/admin/products

-----

-----
Test: tests/clearbuy_tests.py::test_apps_section (call)
Start time: 2025-05-09 13:42:18.364544
Start name method: apps_tab_test

End time: 2025-05-09 13:42:21.910724
End name method: apps_tab_test
URL: https://dev.clearbuy.com/admin/app?id=57&backUrl=https%3A%2F%2Fdev.clearbuy.com%2Fadmin%2Fapps

-----
