
-----
Test: tests/clearbuy_tests.py::test_products_section (call)
Start time: 2025-05-09 12:31:29.584371
Start name method: authorization

End time: 2025-05-09 12:31:36.751941
End name method: authorization
URL: https://dev.clearbuy.com/admin/products

-----

-----
Test: tests/clearbuy_tests.py::test_products_section (call)
Start time: 2025-05-09 12:31:36.751941
Start name method: attribute_groups_test

End time: 2025-05-09 12:31:39.791395
End name method: attribute_groups_test
URL: https://dev.clearbuy.com/admin/attribute_groups

-----

-----
Test: tests/clearbuy_tests.py::test_products_section (call)
Start time: 2025-05-09 12:31:39.791395
Start name method: attributes_tab_test

End time: 2025-05-09 12:31:44.107569
End name method: attributes_tab_test
URL: https://dev.clearbuy.com/admin/attributes

-----

-----
Test: tests/clearbuy_tests.py::test_products_section (call)
Start time: 2025-05-09 12:31:44.108571
Start name method: ratings_tab_test

End time: 2025-05-09 12:31:47.569999
End name method: attribute_groups_test
URL: https://dev.clearbuy.com/admin/ratings

-----

-----
Test: tests/clearbuy_tests.py::test_products_section (call)
Start time: 2025-05-09 12:31:47.569999
Start name method: categories_tab_test


-----
Test: tests/clearbuy_tests.py::test_films_section (call)
Start time: 2025-05-09 12:31:56.352371
Start name method: authorization

End time: 2025-05-09 12:32:03.126201
End name method: authorization
URL: https://dev.clearbuy.com/admin/products

-----

-----
Test: tests/clearbuy_tests.py::test_films_section (call)
Start time: 2025-05-09 12:32:03.127674
Start name method: genres_tab_test

End time: 2025-05-09 12:32:05.083658
End name method: genres_tab_test
URL: https://dev.clearbuy.com/admin/film_genre?id=62&backUrl=https%3A%2F%2Fdev.clearbuy.com%2Fadmin%2Ffilm_genres

-----

-----
Test: tests/clearbuy_tests.py::test_films_section (call)
Start time: 2025-05-09 12:32:05.793071
Start name method: age_tab_test

End time: 2025-05-09 12:32:08.309830
End name method: age_tab_test
URL: https://dev.clearbuy.com/admin/age_rating?id=44&backUrl=https%3A%2F%2Fdev.clearbuy.com%2Fadmin%2Fage_ratings

-----

-----
Test: tests/clearbuy_tests.py::test_films_section (call)
Start time: 2025-05-09 12:32:09.013984
Start name method: films_tab_test

End time: 2025-05-09 12:32:13.140128
End name method: films_tab_test
URL: https://dev.clearbuy.com/admin/film?id=43&backUrl=https%3A%2F%2Fdev.clearbuy.com%2Fadmin%2Ffilms

-----

-----
Test: tests/clearbuy_tests.py::test_films_section (call)
Start time: 2025-05-09 12:32:13.841350
Start name method: reviews_tab_test

End time: 2025-05-09 12:32:16.786416
End name method: reviews_tab_test
URL: https://dev.clearbuy.com/admin/film_review?id=21&backUrl=https%3A%2F%2Fdev.clearbuy.com%2Fadmin%2Ffilm_reviews

-----

-----
Test: tests/clearbuy_tests.py::test_films_section (call)
Start time: 2025-05-09 12:32:17.490183
Start name method: people_tab_test

End time: 2025-05-09 12:32:19.437484
End name method: people_tab_test
URL: https://dev.clearbuy.com/admin/man?id=16&backUrl=https%3A%2F%2Fdev.clearbuy.com%2Fadmin%2Fpeople

-----

-----
Test: tests/clearbuy_tests.py::test_os_section (call)
Start time: 2025-05-09 12:32:31.676446
Start name method: authorization

End time: 2025-05-09 12:32:42.182740
End name method: authorization
URL: https://dev.clearbuy.com/admin/products

-----

-----
Test: tests/clearbuy_tests.py::test_os_section (call)
Start time: 2025-05-09 12:32:42.182740
Start name method: licenses_tab_test

End time: 2025-05-09 12:32:44.050423
End name method: licenses_tab_test
URL: https://dev.clearbuy.com/admin/license?id=43&backUrl=https%3A%2F%2Fdev.clearbuy.com%2Fadmin%2Flicenses

-----

-----
Test: tests/clearbuy_tests.py::test_os_section (call)
Start time: 2025-05-09 12:32:44.755661
Start name method: os_tab_test

End time: 2025-05-09 12:32:50.273477
End name method: os_tab_test
URL: https://dev.clearbuy.com/admin/os?id=42&backUrl=https%3A%2F%2Fdev.clearbuy.com%2Fadmin%2Foss

-----

-----
Test: tests/clearbuy_tests.py::test_users_section (call)
Start time: 2025-05-09 12:32:58.418635
Start name method: authorization

End time: 2025-05-09 12:33:05.708723
End name method: authorization
URL: https://dev.clearbuy.com/admin/products

-----

-----
Test: tests/clearbuy_tests.py::test_users_section (call)
Start time: 2025-05-09 12:33:05.708723
Start name method: roles_tab_test

End time: 2025-05-09 12:33:07.849768
End name method: roles_tab_test
URL: https://dev.clearbuy.com/admin/role?id=52&backUrl=https%3A%2F%2Fdev.clearbuy.com%2Fadmin%2Froles

-----

-----
Test: tests/clearbuy_tests.py::test_users_section (call)
Start time: 2025-05-09 12:33:08.551122
Start name method: users_tab_test

End time: 2025-05-09 12:33:11.129178
End name method: users_tab_test
URL: https://dev.clearbuy.com/admin/user?id=215&backUrl=https%3A%2F%2Fdev.clearbuy.com%2Fadmin%2Fusers

-----

-----
Test: tests/clearbuy_tests.py::test_users_section (call)
Start time: 2025-05-09 12:33:11.830170
Start name method: domain_tab_test

End time: 2025-05-09 12:33:15.167308
End name method: domain_tab_test
URL: https://dev.clearbuy.com/admin/auth_domains

-----

-----
Test: tests/clearbuy_tests.py::test_other_section (call)
Start time: 2025-05-09 12:33:23.333594
Start name method: authorization

End time: 2025-05-09 12:33:30.070155
End name method: authorization
URL: https://dev.clearbuy.com/admin/products

-----

-----
Test: tests/clearbuy_tests.py::test_other_section (call)
Start time: 2025-05-09 12:33:30.070155
Start name method: other_tab_test

End time: 2025-05-09 12:33:34.974371
End name method: other_tab_test
URL: https://dev.clearbuy.com/admin/agent?id=374&backUrl=https%3A%2F%2Fdev.clearbuy.com%2Fadmin%2Fagents

-----

-----
Test: tests/clearbuy_tests.py::test_other_section (call)
Start time: 2025-05-09 12:33:35.675603
Start name method: app_stores_tab_test

End time: 2025-05-09 12:33:39.098490
End name method: app_stores_tab_test
URL: https://dev.clearbuy.com/admin/app_store?id=76&backUrl=https%3A%2F%2Fdev.clearbuy.com%2Fadmin%2Fapp_stores

-----

-----
Test: tests/clearbuy_tests.py::test_other_section (call)
Start time: 2025-05-09 12:33:39.800906
Start name method: brands_tab_test

End time: 2025-05-09 12:33:44.291621
End name method: brands_tab_test
URL: https://dev.clearbuy.com/admin/brand?id=1143&backUrl=https%3A%2F%2Fdev.clearbuy.com%2Fadmin%2Fbrands

-----

-----
Test: tests/clearbuy_tests.py::test_other_section (call)
Start time: 2025-05-09 12:33:44.992569
Start name method: countries_tab_test

End time: 2025-05-09 12:33:49.247919
End name method: countries_tab_test
URL: https://dev.clearbuy.com/admin/country?id=110&backUrl=https%3A%2F%2Fdev.clearbuy.com%2Fadmin%2Fcountries

-----

-----
Test: tests/clearbuy_tests.py::test_other_section (call)
Start time: 2025-05-09 12:33:49.949423
Start name method: currencies_tab_test

End time: 2025-05-09 12:33:53.126871
End name method: currencies_tab_test
URL: https://dev.clearbuy.com/admin/currency?id=65&backUrl=https%3A%2F%2Fdev.clearbuy.com%2Fadmin%2Fcurrencies

-----

-----
Test: tests/clearbuy_tests.py::test_other_section (call)
Start time: 2025-05-09 12:33:53.830698
Start name method: measure_tab_test

End time: 2025-05-09 12:33:55.950204
End name method: measure_tab_test
URL: https://dev.clearbuy.com/admin/measure?id=82&backUrl=https%3A%2F%2Fdev.clearbuy.com%2Fadmin%2Fmeasures

-----

-----
Test: tests/clearbuy_tests.py::test_other_section (call)
Start time: 2025-05-09 12:33:56.653777
Start name method: websites_tab_test

End time: 2025-05-09 12:34:00.683008
End name method: websites_tab_test
URL: https://dev.clearbuy.com/admin/website?id=49&backUrl=https%3A%2F%2Fdev.clearbuy.com%2Fadmin%2Fwebsites

-----

-----
Test: tests/clearbuy_tests.py::test_other_section (call)
Start time: 2025-05-09 12:34:01.384499
Start name method: domains_tab_test

End time: 2025-05-09 12:34:03.311798
End name method: domains_tab_test
URL: https://dev.clearbuy.com/admin/domain?id=39&backUrl=https%3A%2F%2Fdev.clearbuy.com%2Fadmin%2Fdomains

-----

-----
Test: tests/clearbuy_tests.py::test_other_section (call)
Start time: 2025-05-09 12:34:04.012908
Start name method: badges_tab_test

End time: 2025-05-09 12:34:07.434798
End name method: badges_tab_test
URL: https://dev.clearbuy.com/admin/badge?id=42&backUrl=https%3A%2F%2Fdev.clearbuy.com%2Fadmin%2Fbadges

-----

-----
Test: tests/clearbuy_tests.py::test_other_section (call)
Start time: 2025-05-09 12:34:08.138282
Start name method: tags_tab_test

End time: 2025-05-09 12:34:11.073965
End name method: tags_tab_test
URL: https://dev.clearbuy.com/admin/tag?id=1905&backUrl=https%3A%2F%2Fdev.clearbuy.com%2Fadmin%2Ftags

-----

-----
Test: tests/clearbuy_tests.py::test_other_section (call)
Start time: 2025-05-09 12:34:11.777878
Start name method: deal_tags_test

End time: 2025-05-09 12:34:14.784357
End name method: deal_tags_test
URL: https://dev.clearbuy.com/admin/deal_tag?id=18&backUrl=https%3A%2F%2Fdev.clearbuy.com%2Fadmin%2Fdeal_tags

-----

-----
Test: tests/clearbuy_tests.py::test_apps_section (call)
Start time: 2025-05-09 12:34:22.953187
Start name method: authorization

End time: 2025-05-09 12:34:30.038161
End name method: authorization
URL: https://dev.clearbuy.com/admin/products

-----

-----
Test: tests/clearbuy_tests.py::test_apps_section (call)
Start time: 2025-05-09 12:34:30.039163
Start name method: apps_tab_test

End time: 2025-05-09 12:34:34.135403
End name method: apps_tab_test
URL: https://dev.clearbuy.com/admin/app?id=54&backUrl=https%3A%2F%2Fdev.clearbuy.com%2Fadmin%2Fapps

-----
