
-----
Test: tests/clearbuy_tests.py::test_products_section (call)
Start time: 2025-05-09 12:53:38.704077
Start name method: authorization

End time: 2025-05-09 12:53:45.403377
End name method: authorization
URL: https://dev.clearbuy.com/admin/products

-----

-----
Test: tests/clearbuy_tests.py::test_products_section (call)
Start time: 2025-05-09 12:53:45.403377
Start name method: attribute_groups_test

End time: 2025-05-09 12:53:48.271450
End name method: attribute_groups_test
URL: https://dev.clearbuy.com/admin/attribute_groups

-----

-----
Test: tests/clearbuy_tests.py::test_products_section (call)
Start time: 2025-05-09 12:53:48.271450
Start name method: attributes_tab_test

End time: 2025-05-09 12:53:52.547500
End name method: attributes_tab_test
URL: https://dev.clearbuy.com/admin/attributes

-----

-----
Test: tests/clearbuy_tests.py::test_products_section (call)
Start time: 2025-05-09 12:53:52.547500
Start name method: ratings_tab_test

End time: 2025-05-09 12:53:56.090730
End name method: attribute_groups_test
URL: https://dev.clearbuy.com/admin/ratings

-----

-----
Test: tests/clearbuy_tests.py::test_products_section (call)
Start time: 2025-05-09 12:53:56.090730
Start name method: categories_tab_test

End time: 2025-05-09 12:54:00.360366
End name method: attribute_groups_test
URL: https://dev.clearbuy.com/admin/category?id=170&backUrl=https%3A%2F%2Fdev.clearbuy.com%2Fadmin%2Fcategories

-----

-----
Test: tests/clearbuy_tests.py::test_products_section (call)
Start time: 2025-05-09 12:54:01.360876
Start name method: products_tab_test

End time: 2025-05-09 12:54:38.151544
End name method: products_tab_test
URL: https://dev.clearbuy.com/admin/products

-----

-----
Test: tests/clearbuy_tests.py::test_products_section (call)
Start time: 2025-05-09 12:54:38.151544
Start name method: deals_tab_test


-----
Test: tests/clearbuy_tests.py::test_films_section (call)
Start time: 2025-05-09 12:55:17.937371
Start name method: authorization

End time: 2025-05-09 12:55:24.739004
End name method: authorization
URL: https://dev.clearbuy.com/admin/products

-----

-----
Test: tests/clearbuy_tests.py::test_films_section (call)
Start time: 2025-05-09 12:55:24.739004
Start name method: genres_tab_test

End time: 2025-05-09 12:55:26.550966
End name method: genres_tab_test
URL: https://dev.clearbuy.com/admin/film_genre?id=63&backUrl=https%3A%2F%2Fdev.clearbuy.com%2Fadmin%2Ffilm_genres

-----

-----
Test: tests/clearbuy_tests.py::test_films_section (call)
Start time: 2025-05-09 12:55:27.258321
Start name method: age_tab_test

End time: 2025-05-09 12:55:29.175668
End name method: age_tab_test
URL: https://dev.clearbuy.com/admin/age_rating?id=45&backUrl=https%3A%2F%2Fdev.clearbuy.com%2Fadmin%2Fage_ratings

-----

-----
Test: tests/clearbuy_tests.py::test_films_section (call)
Start time: 2025-05-09 12:55:29.878998
Start name method: films_tab_test

End time: 2025-05-09 12:55:33.928963
End name method: films_tab_test
URL: https://dev.clearbuy.com/admin/film?id=44&backUrl=https%3A%2F%2Fdev.clearbuy.com%2Fadmin%2Ffilms

-----

-----
Test: tests/clearbuy_tests.py::test_films_section (call)
Start time: 2025-05-09 12:55:34.630358
Start name method: reviews_tab_test

End time: 2025-05-09 12:55:37.725145
End name method: reviews_tab_test
URL: https://dev.clearbuy.com/admin/film_review?id=22&backUrl=https%3A%2F%2Fdev.clearbuy.com%2Fadmin%2Ffilm_reviews

-----

-----
Test: tests/clearbuy_tests.py::test_films_section (call)
Start time: 2025-05-09 12:55:38.426558
Start name method: people_tab_test

End time: 2025-05-09 12:55:40.966624
End name method: people_tab_test
URL: https://dev.clearbuy.com/admin/man?id=17&backUrl=https%3A%2F%2Fdev.clearbuy.com%2Fadmin%2Fpeople

-----

-----
Test: tests/clearbuy_tests.py::test_os_section (call)
Start time: 2025-05-09 12:55:49.039564
Start name method: authorization

End time: 2025-05-09 12:55:55.700370
End name method: authorization
URL: https://dev.clearbuy.com/admin/products

-----

-----
Test: tests/clearbuy_tests.py::test_os_section (call)
Start time: 2025-05-09 12:55:55.700370
Start name method: licenses_tab_test

End time: 2025-05-09 12:55:58.102782
End name method: licenses_tab_test
URL: https://dev.clearbuy.com/admin/license?id=44&backUrl=https%3A%2F%2Fdev.clearbuy.com%2Fadmin%2Flicenses

-----

-----
Test: tests/clearbuy_tests.py::test_os_section (call)
Start time: 2025-05-09 12:55:58.804426
Start name method: os_tab_test

End time: 2025-05-09 12:56:04.152320
End name method: os_tab_test
URL: https://dev.clearbuy.com/admin/os?id=43&backUrl=https%3A%2F%2Fdev.clearbuy.com%2Fadmin%2Foss

-----

-----
Test: tests/clearbuy_tests.py::test_users_section (call)
Start time: 2025-05-09 12:56:12.283306
Start name method: authorization

End time: 2025-05-09 12:56:19.254655
End name method: authorization
URL: https://dev.clearbuy.com/admin/products

-----

-----
Test: tests/clearbuy_tests.py::test_users_section (call)
Start time: 2025-05-09 12:56:19.254655
Start name method: roles_tab_test

End time: 2025-05-09 12:56:21.518454
End name method: roles_tab_test
URL: https://dev.clearbuy.com/admin/role?id=53&backUrl=https%3A%2F%2Fdev.clearbuy.com%2Fadmin%2Froles

-----

-----
Test: tests/clearbuy_tests.py::test_users_section (call)
Start time: 2025-05-09 12:56:22.221881
Start name method: users_tab_test

End time: 2025-05-09 12:56:25.689337
End name method: users_tab_test
URL: https://dev.clearbuy.com/admin/user?id=216&backUrl=https%3A%2F%2Fdev.clearbuy.com%2Fadmin%2Fusers

-----

-----
Test: tests/clearbuy_tests.py::test_users_section (call)
Start time: 2025-05-09 12:56:26.391287
Start name method: domain_tab_test

End time: 2025-05-09 12:56:29.700829
End name method: domain_tab_test
URL: https://dev.clearbuy.com/admin/auth_domains

-----

-----
Test: tests/clearbuy_tests.py::test_other_section (call)
Start time: 2025-05-09 12:56:37.817139
Start name method: authorization

End time: 2025-05-09 12:56:44.413332
End name method: authorization
URL: https://dev.clearbuy.com/admin/products

-----

-----
Test: tests/clearbuy_tests.py::test_other_section (call)
Start time: 2025-05-09 12:56:44.414414
Start name method: other_tab_test

End time: 2025-05-09 12:56:50.118055
End name method: other_tab_test
URL: https://dev.clearbuy.com/admin/agent?id=375&backUrl=https%3A%2F%2Fdev.clearbuy.com%2Fadmin%2Fagents

-----

-----
Test: tests/clearbuy_tests.py::test_other_section (call)
Start time: 2025-05-09 12:56:50.821725
Start name method: app_stores_tab_test

End time: 2025-05-09 12:56:54.505220
End name method: app_stores_tab_test
URL: https://dev.clearbuy.com/admin/app_store?id=77&backUrl=https%3A%2F%2Fdev.clearbuy.com%2Fadmin%2Fapp_stores

-----

-----
Test: tests/clearbuy_tests.py::test_other_section (call)
Start time: 2025-05-09 12:56:55.208824
Start name method: brands_tab_test

End time: 2025-05-09 12:56:59.478449
End name method: brands_tab_test
URL: https://dev.clearbuy.com/admin/brand?id=1144&backUrl=https%3A%2F%2Fdev.clearbuy.com%2Fadmin%2Fbrands

-----

-----
Test: tests/clearbuy_tests.py::test_other_section (call)
Start time: 2025-05-09 12:57:00.179420
Start name method: countries_tab_test

End time: 2025-05-09 12:57:04.166528
End name method: countries_tab_test
URL: https://dev.clearbuy.com/admin/country?id=111&backUrl=https%3A%2F%2Fdev.clearbuy.com%2Fadmin%2Fcountries

-----

-----
Test: tests/clearbuy_tests.py::test_other_section (call)
Start time: 2025-05-09 12:57:04.869938
Start name method: currencies_tab_test

End time: 2025-05-09 12:57:07.239837
End name method: currencies_tab_test
URL: https://dev.clearbuy.com/admin/currency?id=66&backUrl=https%3A%2F%2Fdev.clearbuy.com%2Fadmin%2Fcurrencies

-----

-----
Test: tests/clearbuy_tests.py::test_other_section (call)
Start time: 2025-05-09 12:57:07.940949
Start name method: measure_tab_test

End time: 2025-05-09 12:57:10.131869
End name method: measure_tab_test
URL: https://dev.clearbuy.com/admin/measure?id=83&backUrl=https%3A%2F%2Fdev.clearbuy.com%2Fadmin%2Fmeasures

-----

-----
Test: tests/clearbuy_tests.py::test_other_section (call)
Start time: 2025-05-09 12:57:10.839356
Start name method: websites_tab_test

End time: 2025-05-09 12:57:14.304259
End name method: websites_tab_test
URL: https://dev.clearbuy.com/admin/website?id=50&backUrl=https%3A%2F%2Fdev.clearbuy.com%2Fadmin%2Fwebsites

-----

-----
Test: tests/clearbuy_tests.py::test_other_section (call)
Start time: 2025-05-09 12:57:15.005608
Start name method: domains_tab_test

End time: 2025-05-09 12:57:17.039764
End name method: domains_tab_test
URL: https://dev.clearbuy.com/admin/domain?id=40&backUrl=https%3A%2F%2Fdev.clearbuy.com%2Fadmin%2Fdomains

-----

-----
Test: tests/clearbuy_tests.py::test_other_section (call)
Start time: 2025-05-09 12:57:17.741079
Start name method: badges_tab_test

End time: 2025-05-09 12:57:21.337504
End name method: badges_tab_test
URL: https://dev.clearbuy.com/admin/badge?id=43&backUrl=https%3A%2F%2Fdev.clearbuy.com%2Fadmin%2Fbadges

-----

-----
Test: tests/clearbuy_tests.py::test_other_section (call)
Start time: 2025-05-09 12:57:22.041178
Start name method: tags_tab_test

End time: 2025-05-09 12:57:24.386940
End name method: tags_tab_test
URL: https://dev.clearbuy.com/admin/tag?id=1906&backUrl=https%3A%2F%2Fdev.clearbuy.com%2Fadmin%2Ftags

-----

-----
Test: tests/clearbuy_tests.py::test_other_section (call)
Start time: 2025-05-09 12:57:25.090797
Start name method: deal_tags_test

End time: 2025-05-09 12:57:27.614485
End name method: deal_tags_test
URL: https://dev.clearbuy.com/admin/deal_tag?id=19&backUrl=https%3A%2F%2Fdev.clearbuy.com%2Fadmin%2Fdeal_tags

-----

-----
Test: tests/clearbuy_tests.py::test_apps_section (call)
Start time: 2025-05-09 12:57:39.787859
Start name method: authorization

End time: 2025-05-09 12:57:46.469331
End name method: authorization
URL: https://dev.clearbuy.com/admin/products

-----

-----
Test: tests/clearbuy_tests.py::test_apps_section (call)
Start time: 2025-05-09 12:57:46.470362
Start name method: apps_tab_test

End time: 2025-05-09 12:57:49.998673
End name method: apps_tab_test
URL: https://dev.clearbuy.com/admin/app?id=55&backUrl=https%3A%2F%2Fdev.clearbuy.com%2Fadmin%2Fapps

-----
