
-----
Test: tests/clearbuy_tests.py::test_products_section (call)
Start time: 2025-05-09 13:26:17.623285
Start name method: authorization

End time: 2025-05-09 13:26:24.413505
End name method: authorization
URL: https://dev.clearbuy.com/admin/products

-----

-----
Test: tests/clearbuy_tests.py::test_products_section (call)
Start time: 2025-05-09 13:26:24.413505
Start name method: attribute_groups_test

End time: 2025-05-09 13:26:27.367492
End name method: attribute_groups_test
URL: https://dev.clearbuy.com/admin/attribute_groups

-----

-----
Test: tests/clearbuy_tests.py::test_products_section (call)
Start time: 2025-05-09 13:26:27.367492
Start name method: attributes_tab_test

End time: 2025-05-09 13:26:31.598479
End name method: attributes_tab_test
URL: https://dev.clearbuy.com/admin/attributes

-----

-----
Test: tests/clearbuy_tests.py::test_products_section (call)
Start time: 2025-05-09 13:26:31.598479
Start name method: ratings_tab_test

End time: 2025-05-09 13:26:35.397038
End name method: attribute_groups_test
URL: https://dev.clearbuy.com/admin/ratings

-----

-----
Test: tests/clearbuy_tests.py::test_products_section (call)
Start time: 2025-05-09 13:26:35.398115
Start name method: categories_tab_test

End time: 2025-05-09 13:26:39.755309
End name method: attribute_groups_test
URL: https://dev.clearbuy.com/admin/category?id=171&backUrl=https%3A%2F%2Fdev.clearbuy.com%2Fadmin%2Fcategories

-----

-----
Test: tests/clearbuy_tests.py::test_products_section (call)
Start time: 2025-05-09 13:26:40.757282
Start name method: products_tab_test

End time: 2025-05-09 13:27:17.623213
End name method: products_tab_test
URL: https://dev.clearbuy.com/admin/products

-----

-----
Test: tests/clearbuy_tests.py::test_products_section (call)
Start time: 2025-05-09 13:27:17.623213
Start name method: deals_tab_test

End time: 2025-05-09 13:27:26.673922
End name method: deals_tab_test
URL: https://dev.clearbuy.com/admin/deals

-----

-----
Test: tests/clearbuy_tests.py::test_products_section (call)
Start time: 2025-05-09 13:27:26.673922
Start name method: faq_tab_test


-----
Test: tests/clearbuy_tests.py::test_films_section (call)
Start time: 2025-05-09 13:27:37.722898
Start name method: authorization

End time: 2025-05-09 13:27:44.410156
End name method: authorization
URL: https://dev.clearbuy.com/admin/products

-----

-----
Test: tests/clearbuy_tests.py::test_films_section (call)
Start time: 2025-05-09 13:27:44.411159
Start name method: genres_tab_test

End time: 2025-05-09 13:27:46.255469
End name method: genres_tab_test
URL: https://dev.clearbuy.com/admin/film_genre?id=64&backUrl=https%3A%2F%2Fdev.clearbuy.com%2Fadmin%2Ffilm_genres

-----

-----
Test: tests/clearbuy_tests.py::test_films_section (call)
Start time: 2025-05-09 13:27:46.956103
Start name method: age_tab_test

End time: 2025-05-09 13:27:49.440069
End name method: age_tab_test
URL: https://dev.clearbuy.com/admin/age_rating?id=46&backUrl=https%3A%2F%2Fdev.clearbuy.com%2Fadmin%2Fage_ratings

-----

-----
Test: tests/clearbuy_tests.py::test_films_section (call)
Start time: 2025-05-09 13:27:50.144415
Start name method: films_tab_test

End time: 2025-05-09 13:27:54.009352
End name method: films_tab_test
URL: https://dev.clearbuy.com/admin/film?id=45&backUrl=https%3A%2F%2Fdev.clearbuy.com%2Fadmin%2Ffilms

-----

-----
Test: tests/clearbuy_tests.py::test_films_section (call)
Start time: 2025-05-09 13:27:54.710541
Start name method: reviews_tab_test

End time: 2025-05-09 13:27:57.705618
End name method: reviews_tab_test
URL: https://dev.clearbuy.com/admin/film_review?id=23&backUrl=https%3A%2F%2Fdev.clearbuy.com%2Fadmin%2Ffilm_reviews

-----

-----
Test: tests/clearbuy_tests.py::test_films_section (call)
Start time: 2025-05-09 13:27:58.406627
Start name method: people_tab_test

End time: 2025-05-09 13:28:00.122450
End name method: people_tab_test
URL: https://dev.clearbuy.com/admin/man?id=18&backUrl=https%3A%2F%2Fdev.clearbuy.com%2Fadmin%2Fpeople

-----

-----
Test: tests/clearbuy_tests.py::test_os_section (call)
Start time: 2025-05-09 13:28:08.275378
Start name method: authorization

End time: 2025-05-09 13:28:15.005338
End name method: authorization
URL: https://dev.clearbuy.com/admin/products

-----

-----
Test: tests/clearbuy_tests.py::test_os_section (call)
Start time: 2025-05-09 13:28:15.005338
Start name method: licenses_tab_test

End time: 2025-05-09 13:28:16.806144
End name method: licenses_tab_test
URL: https://dev.clearbuy.com/admin/license?id=45&backUrl=https%3A%2F%2Fdev.clearbuy.com%2Fadmin%2Flicenses

-----

-----
Test: tests/clearbuy_tests.py::test_os_section (call)
Start time: 2025-05-09 13:28:17.511287
Start name method: os_tab_test

End time: 2025-05-09 13:28:22.681632
End name method: os_tab_test
URL: https://dev.clearbuy.com/admin/os?id=44&backUrl=https%3A%2F%2Fdev.clearbuy.com%2Fadmin%2Foss

-----

-----
Test: tests/clearbuy_tests.py::test_users_section (call)
Start time: 2025-05-09 13:28:30.805359
Start name method: authorization

End time: 2025-05-09 13:28:37.397304
End name method: authorization
URL: https://dev.clearbuy.com/admin/products

-----

-----
Test: tests/clearbuy_tests.py::test_users_section (call)
Start time: 2025-05-09 13:28:37.397304
Start name method: roles_tab_test

End time: 2025-05-09 13:28:39.538913
End name method: roles_tab_test
URL: https://dev.clearbuy.com/admin/role?id=54&backUrl=https%3A%2F%2Fdev.clearbuy.com%2Fadmin%2Froles

-----

-----
Test: tests/clearbuy_tests.py::test_users_section (call)
Start time: 2025-05-09 13:28:40.242180
Start name method: users_tab_test

End time: 2025-05-09 13:28:42.937878
End name method: users_tab_test
URL: https://dev.clearbuy.com/admin/user?id=217&backUrl=https%3A%2F%2Fdev.clearbuy.com%2Fadmin%2Fusers

-----

-----
Test: tests/clearbuy_tests.py::test_users_section (call)
Start time: 2025-05-09 13:28:43.648189
Start name method: domain_tab_test

End time: 2025-05-09 13:28:46.956581
End name method: domain_tab_test
URL: https://dev.clearbuy.com/admin/auth_domains

-----

-----
Test: tests/clearbuy_tests.py::test_other_section (call)
Start time: 2025-05-09 13:28:55.088147
Start name method: authorization

End time: 2025-05-09 13:29:01.532655
End name method: authorization
URL: https://dev.clearbuy.com/admin/products

-----

-----
Test: tests/clearbuy_tests.py::test_other_section (call)
Start time: 2025-05-09 13:29:01.532655
Start name method: other_tab_test

End time: 2025-05-09 13:29:06.387623
End name method: other_tab_test
URL: https://dev.clearbuy.com/admin/agent?id=376&backUrl=https%3A%2F%2Fdev.clearbuy.com%2Fadmin%2Fagents

-----

-----
Test: tests/clearbuy_tests.py::test_other_section (call)
Start time: 2025-05-09 13:29:07.091635
Start name method: app_stores_tab_test

End time: 2025-05-09 13:29:10.570900
End name method: app_stores_tab_test
URL: https://dev.clearbuy.com/admin/app_store?id=78&backUrl=https%3A%2F%2Fdev.clearbuy.com%2Fadmin%2Fapp_stores

-----

-----
Test: tests/clearbuy_tests.py::test_other_section (call)
Start time: 2025-05-09 13:29:11.283053
Start name method: brands_tab_test

End time: 2025-05-09 13:29:16.831486
End name method: brands_tab_test
URL: https://dev.clearbuy.com/admin/brand?id=1145&backUrl=https%3A%2F%2Fdev.clearbuy.com%2Fadmin%2Fbrands

-----

-----
Test: tests/clearbuy_tests.py::test_other_section (call)
Start time: 2025-05-09 13:29:17.535121
Start name method: countries_tab_test

End time: 2025-05-09 13:29:21.673015
End name method: countries_tab_test
URL: https://dev.clearbuy.com/admin/country?id=112&backUrl=https%3A%2F%2Fdev.clearbuy.com%2Fadmin%2Fcountries

-----

-----
Test: tests/clearbuy_tests.py::test_other_section (call)
Start time: 2025-05-09 13:29:22.374101
Start name method: currencies_tab_test

End time: 2025-05-09 13:29:24.790916
End name method: currencies_tab_test
URL: https://dev.clearbuy.com/admin/currency?id=67&backUrl=https%3A%2F%2Fdev.clearbuy.com%2Fadmin%2Fcurrencies

-----

-----
Test: tests/clearbuy_tests.py::test_other_section (call)
Start time: 2025-05-09 13:29:25.494618
Start name method: measure_tab_test

End time: 2025-05-09 13:29:27.742073
End name method: measure_tab_test
URL: https://dev.clearbuy.com/admin/measure?id=84&backUrl=https%3A%2F%2Fdev.clearbuy.com%2Fadmin%2Fmeasures

-----

-----
Test: tests/clearbuy_tests.py::test_other_section (call)
Start time: 2025-05-09 13:29:28.445284
Start name method: websites_tab_test

End time: 2025-05-09 13:29:31.772160
End name method: websites_tab_test
URL: https://dev.clearbuy.com/admin/website?id=51&backUrl=https%3A%2F%2Fdev.clearbuy.com%2Fadmin%2Fwebsites

-----

-----
Test: tests/clearbuy_tests.py::test_other_section (call)
Start time: 2025-05-09 13:29:32.473163
Start name method: domains_tab_test

End time: 2025-05-09 13:29:34.395660
End name method: domains_tab_test
URL: https://dev.clearbuy.com/admin/domain?id=41&backUrl=https%3A%2F%2Fdev.clearbuy.com%2Fadmin%2Fdomains

-----

-----
Test: tests/clearbuy_tests.py::test_other_section (call)
Start time: 2025-05-09 13:29:35.099352
Start name method: badges_tab_test

End time: 2025-05-09 13:29:38.572218
End name method: badges_tab_test
URL: https://dev.clearbuy.com/admin/badge?id=44&backUrl=https%3A%2F%2Fdev.clearbuy.com%2Fadmin%2Fbadges

-----

-----
Test: tests/clearbuy_tests.py::test_other_section (call)
Start time: 2025-05-09 13:29:39.273124
Start name method: tags_tab_test

End time: 2025-05-09 13:29:41.651036
End name method: tags_tab_test
URL: https://dev.clearbuy.com/admin/tag?id=1907&backUrl=https%3A%2F%2Fdev.clearbuy.com%2Fadmin%2Ftags

-----

-----
Test: tests/clearbuy_tests.py::test_other_section (call)
Start time: 2025-05-09 13:29:42.352062
Start name method: deal_tags_test

End time: 2025-05-09 13:29:45.022469
End name method: deal_tags_test
URL: https://dev.clearbuy.com/admin/deal_tag?id=20&backUrl=https%3A%2F%2Fdev.clearbuy.com%2Fadmin%2Fdeal_tags

-----

-----
Test: tests/clearbuy_tests.py::test_apps_section (call)
Start time: 2025-05-09 13:29:57.236666
Start name method: authorization

End time: 2025-05-09 13:30:03.869529
End name method: authorization
URL: https://dev.clearbuy.com/admin/products

-----

-----
Test: tests/clearbuy_tests.py::test_apps_section (call)
Start time: 2025-05-09 13:30:03.869529
Start name method: apps_tab_test

End time: 2025-05-09 13:30:07.527322
End name method: apps_tab_test
URL: https://dev.clearbuy.com/admin/app?id=56&backUrl=https%3A%2F%2Fdev.clearbuy.com%2Fadmin%2Fapps

-----
